Exception in thread Thread-1:
Traceback (most recent call last):
  File "/usr/lib64/python3.6/threading.py", line 916, in _bootstrap_inner
    self.run()
  File "/usr/lib64/python3.6/threading.py", line 864, in run
    self._target(*self._args, **self._kwargs)
  File "/var/www/parent-bot/src/Logic/user_manager.py", line 25, in __remove_old_users
    if time.time() - user.lastActivityTime > self.user_removal_time:
AttributeError: 'builtin_function_or_method' object has no attribute 'time'

2020-04-30 22:30:36,517 - Logic.Commands - INFO - User 1066787860: send /start command;
2020-04-30 22:30:48,830 - Logic.Commands - INFO - User 1066787860: ask DEMO games;
2020-04-30 22:55:06,759 - Logic.Commands - INFO - User 658720261: send /start command;
2020-04-30 22:55:13,097 - Logic.Commands - INFO - User 658720261: send /start command;
2020-04-30 22:55:24,940 - Logic.Commands - INFO - User 658720261: ask DEMO games;
2020-05-03 09:04:23,507 - telegram.ext.updater - INFO - Received signal 15 (SIGTERM), stopping...
Succesfull start
deleteCycle
{}
deleteCycle
{}
1588187027
chat_id: 415927712
location: дома
type: семейная
age: None
props: None
stage: 2
chat_id: 415927712
location: дома
type: семейная
age: None
props: нет
stage: 4
1588187084
chat_id: 415927712
location: на улице
type: активная
age: 4-6
props: нет
stage: 4
chat_id: 415927712
location: на улице
type: активная
age: 4-6
props: нет
stage: 5
1588187159
chat_id: 415927712
location: дома
type: сам
age: 4-6
props: нет
stage: 4
chat_id: 415927712
location: дома
type: сам
age: 4-6
props: нет
stage: 5
1588187204
chat_id: 415927712
location: дома
type: семейная
age: None
props: None
stage: 2
chat_id: 415927712
location: дома
type: семейная
age: None
props: да
stage: 4
chat_id: 415927712
location: дома
type: семейная
age: None
props: да
stage: 5
1588187302
chat_id: 415927712
location: в дороге
type: None
age: 2-3
props: нет
stage: 4
chat_id: 415927712
location: в дороге
type: None
age: 2-3
props: нет
stage: 5
1588187382
chat_id: 415927712
location: в дороге
type: None
age: 3-4
props: нет
stage: 4
chat_id: 415927712
location: в дороге
type: None
age: 3-4
props: нет
stage: 5
chat_id: 415927712
location: в дороге
type: None
age: 3-4
props: нет
stage: 5
1588187427
chat_id: 415927712
location: в дороге
type: None
age: 4-6
props: нет
stage: 4
1588187460
chat_id: 415927712
location: в дороге
type: None
age: 6-8
props: нет
stage: 4
chat_id: 415927712
location: в дороге
type: None
age: 6-8
props: нет
stage: 5
chat_id: 415927712
location: в дороге
type: None
age: 6-8
props: нет
stage: 5
deleteCycle
{415927712: <Logic.user_manager.User object at 0x7fdb7acf4630>}
1588227445
1588234933
chat_id: 415927712
location: дома
type: сам
age: 3-4
props: нет
stage: 4
1588245421
chat_id: 275157861
location: дома
type: семейная
age: None
props: None
stage: 2
chat_id: 275157861
location: дома
type: семейная
age: None
props: да
stage: 4
1588245446
chat_id: 275157861
location: дома
type: семейная
age: None
props: None
stage: 2
chat_id: 275157861
location: дома
type: семейная
age: None
props: нет
stage: 4
1588245477
chat_id: 275157861
location: дома
type: семейная
age: None
props: None
stage: 2
chat_id: 275157861
location: дома
type: семейная
age: None
props: да
stage: 4
1588245517
chat_id: 415927712
location: дома
type: сам
age: 3-4
props: нет
stage: 5
1588250903
chat_id: 415927712
location: в дороге
type: None
age: 6-8
props: нет
stage: 4
chat_id: 415927712
location: в дороге
type: None
age: 6-8
props: нет
stage: 5
chat_id: 415927712
location: в дороге
type: None
age: 6-8
props: нет
stage: 5
1588261162
chat_id: 415927712
location: дома
type: семейная
age: None
props: None
stage: 2
chat_id: 415927712
location: дома
type: семейная
age: None
props: нет
stage: 4
1588261205
chat_id: 415927712
location: на улице
type: активная
age: 4-6
props: нет
stage: 4
chat_id: 415927712
location: на улице
type: активная
age: 4-6
props: нет
stage: 5
1588261496
chat_id: 415927712
location: дома
type: семейная
age: None
props: None
stage: 2
chat_id: 415927712
location: дома
type: семейная
age: None
props: да
stage: 4
1588285836
1588287306
1588287312
1588439489
chat_id: 415927712
location: дома
type: семейная
age: None
props: None
stage: 2
chat_id: 415927712
location: дома
type: семейная
age: None
props: нет
stage: 4
1588496656
1588496660
